<?xml version="1.0" encoding="UTF-8"?>
<!-- Generated by org.testng.reporters.JUnitXMLReporter -->
<testsuite ignored="1" hostname="INGURWN121008" failures="0" tests="1" name="Default test" time="25.352" errors="0" timestamp="2026-01-26T18:38:04 IST">
  <testcase classname="test.registration.testNegativeRegistration" name="emptyFields" time="1.081"/>
  <testcase classname="test.registration.testNegativeRegistration" name="duplicateRegister" time="0.0">
    <ignored/>
  </testcase> <!-- duplicateRegister -->
</testsuite> <!-- Default test -->
