<?xml version="1.0" encoding="UTF-8"?>
<!-- Generated by org.testng.reporters.JUnitXMLReporter -->
<testsuite ignored="1" hostname="INGURWN121008" failures="0" tests="10" name="Test" time="37.586" errors="0" timestamp="2026-01-31T13:58:30 IST">
  <testcase classname="test.homepage.testHomePage" name="verifyPageTitle" time="0.03"/>
  <testcase classname="test.homepage.testHomePage" name="verifyLogo" time="0.035"/>
  <testcase classname="test.homepage.testHomePage" name="searchBar" time="0.033"/>
  <testcase classname="test.homepage.testHomePage" name="navigator" time="0.023"/>
  <testcase classname="test.homepage.testHomePage" name="navHover" time="0.478"/>
  <testcase classname="test.homepage.testHomePage" name="navHover" time="0.435"/>
  <testcase classname="test.homepage.testHomePage" name="navHover" time="0.436"/>
  <testcase classname="test.homepage.testHomePage" name="navHover" time="0.435"/>
  <testcase classname="test.registration.testRegistration" name="testRegister" time="2.072"/>
  <testcase classname="test.registration.testRegistration" name="logout" time="0.436"/>
  <testcase classname="base.BaseTest" name="@AfterSuite updateReport" time="0.0">
    <ignored/>
  </testcase> <!-- @AfterSuite updateReport -->
</testsuite> <!-- Test -->
