<?xml version="1.0" encoding="UTF-8"?>
<!-- Generated by org.testng.reporters.JUnitXMLReporter -->
<testsuite ignored="2" hostname="INGURWN121008" failures="0" tests="12" name="Test" time="63.907" errors="0" timestamp="2026-01-31T23:31:01 IST">
  <testcase classname="test.homepage.testHomePage" name="verifyPageTitle" time="0.026"/>
  <testcase classname="test.homepage.testHomePage" name="verifyLogo" time="0.031"/>
  <testcase classname="test.homepage.testHomePage" name="searchBar" time="0.034"/>
  <testcase classname="test.homepage.testHomePage" name="navigator" time="0.021"/>
  <testcase classname="test.homepage.testHomePage" name="navHover" time="0.461"/>
  <testcase classname="test.homepage.testHomePage" name="navHover" time="0.45"/>
  <testcase classname="test.homepage.testHomePage" name="navHover" time="0.455"/>
  <testcase classname="test.homepage.testHomePage" name="navHover" time="0.436"/>
  <testcase classname="test.registration.testRegistration" name="testRegister" time="0.945"/>
  <testcase classname="test.registration.testRegistration" name="logout" time="1.434"/>
  <testcase classname="test.registration.testNegativeRegistration" name="emptyFields" time="1.217"/>
  <testcase classname="test.registration.testNegativeRegistration" name="duplicateRegister" time="1.524"/>
  <testcase classname="base.BaseTest" name="@AfterSuite updateReport" time="0.0">
    <ignored/>
  </testcase> <!-- @AfterSuite updateReport -->
  <testcase classname="base.BaseTest" name="@AfterSuite updateReport" time="0.0">
    <ignored/>
  </testcase> <!-- @AfterSuite updateReport -->
</testsuite> <!-- Test -->
