<?xml version="1.0" encoding="UTF-8"?>
<testng-results ignored="0" total="12" passed="12" failed="0" skipped="0">
  <reporter-output>
  </reporter-output>
  <suite started-at="2026-01-31T23:29:57 IST" name="Suite" finished-at="2026-01-31T23:31:01 IST" duration-ms="63907">
    <groups>
    </groups>
    <test started-at="2026-01-31T23:29:57 IST" name="Test" finished-at="2026-01-31T23:31:01 IST" duration-ms="63907">
      <class name="test.registration.testRegistration">
        <test-method is-config="true" signature="setup()[pri:0, instance:test.registration.testRegistration@757277dc]" started-at="2026-01-31T23:30:22 IST" name="setup" finished-at="2026-01-31T23:30:39 IST" duration-ms="16874" status="PASS">
          <reporter-output>
          </reporter-output>
        </test-method> <!-- setup -->
        <test-method signature="testRegister()[pri:0, instance:test.registration.testRegistration@757277dc]" started-at="2026-01-31T23:30:39 IST" name="testRegister" finished-at="2026-01-31T23:30:40 IST" duration-ms="945" status="PASS">
          <reporter-output>
          </reporter-output>
        </test-method> <!-- testRegister -->
        <test-method signature="logout()[pri:1, instance:test.registration.testRegistration@757277dc]" started-at="2026-01-31T23:30:40 IST" name="logout" finished-at="2026-01-31T23:30:41 IST" duration-ms="1434" status="PASS">
          <reporter-output>
          </reporter-output>
        </test-method> <!-- logout -->
        <test-method is-config="true" signature="teardown()[pri:0, instance:test.registration.testRegistration@757277dc]" started-at="2026-01-31T23:30:41 IST" name="teardown" finished-at="2026-01-31T23:30:42 IST" duration-ms="489" status="PASS">
          <reporter-output>
          </reporter-output>
        </test-method> <!-- teardown -->
      </class> <!-- test.registration.testRegistration -->
      <class name="test.homepage.testHomePage">
        <test-method is-config="true" signature="setup()[pri:0, instance:test.homepage.testHomePage@561b6512]" started-at="2026-01-31T23:29:58 IST" name="setup" finished-at="2026-01-31T23:30:20 IST" duration-ms="22241" status="PASS">
          <reporter-output>
          </reporter-output>
        </test-method> <!-- setup -->
        <test-method signature="verifyPageTitle()[pri:0, instance:test.homepage.testHomePage@561b6512]" started-at="2026-01-31T23:30:20 IST" name="verifyPageTitle" finished-at="2026-01-31T23:30:20 IST" duration-ms="26" status="PASS">
          <reporter-output>
          </reporter-output>
        </test-method> <!-- verifyPageTitle -->
        <test-method signature="verifyLogo()[pri:1, instance:test.homepage.testHomePage@561b6512]" started-at="2026-01-31T23:30:20 IST" name="verifyLogo" finished-at="2026-01-31T23:30:20 IST" duration-ms="31" status="PASS">
          <reporter-output>
          </reporter-output>
        </test-method> <!-- verifyLogo -->
        <test-method signature="searchBar()[pri:2, instance:test.homepage.testHomePage@561b6512]" started-at="2026-01-31T23:30:20 IST" name="searchBar" finished-at="2026-01-31T23:30:20 IST" duration-ms="34" status="PASS">
          <reporter-output>
          </reporter-output>
        </test-method> <!-- searchBar -->
        <test-method signature="navigator()[pri:3, instance:test.homepage.testHomePage@561b6512]" started-at="2026-01-31T23:30:20 IST" name="navigator" finished-at="2026-01-31T23:30:20 IST" duration-ms="21" status="PASS">
          <reporter-output>
          </reporter-output>
        </test-method> <!-- navigator -->
        <test-method signature="navHover(java.lang.String,java.lang.String)[pri:4, instance:test.homepage.testHomePage@561b6512]" started-at="2026-01-31T23:30:20 IST" name="navHover" data-provider="categoryData" finished-at="2026-01-31T23:30:20 IST" duration-ms="461" status="PASS">
          <params>
            <param index="0">
              <value>
                <![CDATA[Desktops]]>
              </value>
            </param>
            <param index="1">
              <value>
                <![CDATA[//a[@href='https://tutorialsninja.com/demo/index.php?route=product/category&path=20' and @class='dropdown-toggle']]]>
              </value>
            </param>
          </params>
          <reporter-output>
          </reporter-output>
        </test-method> <!-- navHover -->
        <test-method signature="navHover(java.lang.String,java.lang.String)[pri:4, instance:test.homepage.testHomePage@561b6512]" started-at="2026-01-31T23:30:20 IST" name="navHover" data-provider="categoryData" finished-at="2026-01-31T23:30:21 IST" duration-ms="450" status="PASS">
          <params>
            <param index="0">
              <value>
                <![CDATA[Laptops]]>
              </value>
            </param>
            <param index="1">
              <value>
                <![CDATA[//a[@href='https://tutorialsninja.com/demo/index.php?route=product/category&path=18' and @class='dropdown-toggle']]]>
              </value>
            </param>
          </params>
          <reporter-output>
          </reporter-output>
        </test-method> <!-- navHover -->
        <test-method signature="navHover(java.lang.String,java.lang.String)[pri:4, instance:test.homepage.testHomePage@561b6512]" started-at="2026-01-31T23:30:21 IST" name="navHover" data-provider="categoryData" finished-at="2026-01-31T23:30:21 IST" duration-ms="455" status="PASS">
          <params>
            <param index="0">
              <value>
                <![CDATA[Components]]>
              </value>
            </param>
            <param index="1">
              <value>
                <![CDATA[//a[@href='https://tutorialsninja.com/demo/index.php?route=product/category&path=25' and @class='dropdown-toggle']]]>
              </value>
            </param>
          </params>
          <reporter-output>
          </reporter-output>
        </test-method> <!-- navHover -->
        <test-method signature="navHover(java.lang.String,java.lang.String)[pri:4, instance:test.homepage.testHomePage@561b6512]" started-at="2026-01-31T23:30:21 IST" name="navHover" data-provider="categoryData" finished-at="2026-01-31T23:30:22 IST" duration-ms="436" status="PASS">
          <params>
            <param index="0">
              <value>
                <![CDATA[MP3 Players]]>
              </value>
            </param>
            <param index="1">
              <value>
                <![CDATA[//a[@href='https://tutorialsninja.com/demo/index.php?route=product/category&path=34' and @class='dropdown-toggle']]]>
              </value>
            </param>
          </params>
          <reporter-output>
          </reporter-output>
        </test-method> <!-- navHover -->
        <test-method is-config="true" signature="teardown()[pri:0, instance:test.homepage.testHomePage@561b6512]" started-at="2026-01-31T23:30:22 IST" name="teardown" finished-at="2026-01-31T23:30:22 IST" duration-ms="468" status="PASS">
          <reporter-output>
          </reporter-output>
        </test-method> <!-- teardown -->
        <test-method is-config="true" signature="updateReport()[pri:0, instance:test.homepage.testHomePage@561b6512]" started-at="2026-01-31T23:31:01 IST" name="updateReport" finished-at="2026-01-31T23:31:02 IST" duration-ms="388" status="PASS">
          <reporter-output>
          </reporter-output>
        </test-method> <!-- updateReport -->
      </class> <!-- test.homepage.testHomePage -->
      <class name="test.registration.testNegativeRegistration">
        <test-method is-config="true" signature="setup()[pri:0, instance:test.registration.testNegativeRegistration@687e99d8]" started-at="2026-01-31T23:30:42 IST" name="setup" finished-at="2026-01-31T23:30:58 IST" duration-ms="16278" status="PASS">
          <reporter-output>
          </reporter-output>
        </test-method> <!-- setup -->
        <test-method signature="emptyFields()[pri:0, instance:test.registration.testNegativeRegistration@687e99d8]" started-at="2026-01-31T23:30:58 IST" name="emptyFields" finished-at="2026-01-31T23:30:59 IST" duration-ms="1217" status="PASS">
          <reporter-output>
          </reporter-output>
        </test-method> <!-- emptyFields -->
        <test-method signature="duplicateRegister()[pri:1, instance:test.registration.testNegativeRegistration@687e99d8]" started-at="2026-01-31T23:30:59 IST" name="duplicateRegister" finished-at="2026-01-31T23:31:01 IST" duration-ms="1524" status="PASS">
          <reporter-output>
          </reporter-output>
        </test-method> <!-- duplicateRegister -->
        <test-method is-config="true" signature="teardown()[pri:0, instance:test.registration.testNegativeRegistration@687e99d8]" started-at="2026-01-31T23:31:01 IST" name="teardown" finished-at="2026-01-31T23:31:01 IST" duration-ms="460" status="PASS">
          <reporter-output>
          </reporter-output>
        </test-method> <!-- teardown -->
      </class> <!-- test.registration.testNegativeRegistration -->
    </test> <!-- Test -->
  </suite> <!-- Suite -->
</testng-results>
