<?xml version="1.0" encoding="UTF-8"?>
<!-- Generated by org.testng.reporters.JUnitReportReporter -->
<testsuite hostname="INGURWN121008" failures="0" tests="4" name="pages.homepage.homepage" time="2.093" errors="0" timestamp="2026-01-26T12:11:13 IST" skipped="0">
  <testcase classname="pages.homepage.homepage" name="navHover" time="0.468"/>
  <testcase classname="pages.homepage.homepage" name="navHover" time="0.728"/>
  <testcase classname="pages.homepage.homepage" name="navHover" time="0.438"/>
  <testcase classname="pages.homepage.homepage" name="navHover" time="0.459"/>
</testsuite> <!-- pages.homepage.homepage -->
