<?xml version="1.0" encoding="UTF-8"?>
<!-- Generated by org.testng.reporters.JUnitReportReporter -->
<testsuite hostname="INGURWN121008" failures="0" tests="8" name="test.homepage.testHomePage" time="1.905" errors="0" timestamp="2026-01-31T13:58:30 IST" skipped="0">
  <testcase classname="test.homepage.testHomePage" name="verifyPageTitle" time="0.030"/>
  <testcase classname="test.homepage.testHomePage" name="verifyLogo" time="0.035"/>
  <testcase classname="test.homepage.testHomePage" name="searchBar" time="0.033"/>
  <testcase classname="test.homepage.testHomePage" name="navigator" time="0.023"/>
  <testcase classname="test.homepage.testHomePage" name="navHover" time="0.435"/>
  <testcase classname="test.homepage.testHomePage" name="navHover" time="0.435"/>
  <testcase classname="test.homepage.testHomePage" name="navHover" time="0.436"/>
  <testcase classname="test.homepage.testHomePage" name="navHover" time="0.478"/>
</testsuite> <!-- test.homepage.testHomePage -->
