<?xml version="1.0" encoding="UTF-8"?>
<!-- Generated by org.testng.reporters.JUnitReportReporter -->
<testsuite hostname="INGURWN121008" failures="0" tests="2" name="test.registration.testRegistration" time="2.379" errors="0" timestamp="2026-01-31T23:31:02 IST" skipped="0">
  <testcase classname="test.registration.testRegistration" name="testRegister" time="0.945"/>
  <testcase classname="test.registration.testRegistration" name="logout" time="1.434"/>
</testsuite> <!-- test.registration.testRegistration -->
