<?xml version="1.0" encoding="UTF-8"?>
<!-- Generated by org.testng.reporters.JUnitReportReporter -->
<testsuite hostname="INGURWN121008" failures="0" tests="2" name="test.registration.testNegativeRegistration" time="3.515" errors="0" timestamp="2026-01-31T13:25:11 IST" skipped="0">
  <testcase classname="test.registration.testNegativeRegistration" name="emptyFields" time="2.030"/>
  <testcase classname="test.registration.testNegativeRegistration" name="duplicateRegister" time="1.485"/>
</testsuite> <!-- test.registration.testNegativeRegistration -->
