<?xml version="1.0" encoding="UTF-8"?>
<!-- Generated by org.testng.reporters.JUnitReportReporter -->
<testsuite hostname="INGURWN121008" failures="0" tests="8" name="test.homepage.testHomePage" time="1.914" errors="0" timestamp="2026-01-31T23:31:02 IST" skipped="0">
  <testcase classname="test.homepage.testHomePage" name="verifyPageTitle" time="0.026"/>
  <testcase classname="test.homepage.testHomePage" name="verifyLogo" time="0.031"/>
  <testcase classname="test.homepage.testHomePage" name="searchBar" time="0.034"/>
  <testcase classname="test.homepage.testHomePage" name="navigator" time="0.021"/>
  <testcase classname="test.homepage.testHomePage" name="navHover" time="0.461"/>
  <testcase classname="test.homepage.testHomePage" name="navHover" time="0.455"/>
  <testcase classname="test.homepage.testHomePage" name="navHover" time="0.436"/>
  <testcase classname="test.homepage.testHomePage" name="navHover" time="0.450"/>
</testsuite> <!-- test.homepage.testHomePage -->
