<?xml version="1.0" encoding="UTF-8"?>
<!-- Generated by org.testng.reporters.JUnitReportReporter -->
<testsuite hostname="INGURWN121008" failures="0" tests="2" name="test.registration.testNegativeRegistration" time="2.741" errors="0" timestamp="2026-01-31T23:31:02 IST" skipped="0">
  <testcase classname="test.registration.testNegativeRegistration" name="emptyFields" time="1.217"/>
  <testcase classname="test.registration.testNegativeRegistration" name="duplicateRegister" time="1.524"/>
</testsuite> <!-- test.registration.testNegativeRegistration -->
